Microsoft (R) Macro Assembler Version 14.24.28316.0	    02/28/20 16:02:54
AddTwo.asm						     Page 1 - 1


				; AddTwoSum.asm - Chapter 3 example.

				.386
				.model flat,stdcall
				.stack 4096
				ExitProcess proto,dwExitCode:dword

 00000000			.data
 00000000 00000000		sum dword 0

 00000000			.code                                           ;beggining of the code segment located in address 00000000  
 00000000			main proc
 00000000  B8 00000005			mov	eax,5				            ;B8 optcode to move 5 to eax
 00000005  83 C0 06			    add	eax,6				            ;starting at offset 00000005, add 6 to eax
 00000008  A3 00000000 R		mov sum,eax                         ;move eax 00000000 to sum address located at 00000008

					invoke ExitProcess,0
 0000000D  6A 00	   *	    push   +000000000h
 0000000F  E8 00000000 E   *	    call   ExitProcess
 00000014			main endp
				end main
Microsoft (R) Macro Assembler Version 14.24.28316.0	    02/28/20 16:02:54
AddTwo.asm						     Symbols 2 - 1




Segments and Groups:

                N a m e                 Size     Length   Align   Combine Class

FLAT . . . . . . . . . . . . . .	GROUP
STACK  . . . . . . . . . . . . .	32 Bit	 00001000 DWord	  Stack	  'STACK'	 
_DATA  . . . . . . . . . . . . .	32 Bit	 00000004 DWord	  Public  'DATA'	
_TEXT  . . . . . . . . . . . . .	32 Bit	 00000014 DWord	  Public  'CODE'	


Procedures, parameters, and locals:

                N a m e                 Type     Value    Attr

ExitProcess  . . . . . . . . . .	P Near	 00000000 FLAT	Length= 00000000 External STDCALL
main . . . . . . . . . . . . . .	P Near	 00000000 _TEXT	Length= 00000014 Public STDCALL


Symbols:

                N a m e                 Type     Value    Attr

@CodeSize  . . . . . . . . . . .	Number	 00000000h   
@DataSize  . . . . . . . . . . .	Number	 00000000h   
@Interface . . . . . . . . . . .	Number	 00000003h   
@Model . . . . . . . . . . . . .	Number	 00000007h   
@code  . . . . . . . . . . . . .	Text   	 _TEXT
@data  . . . . . . . . . . . . .	Text   	 FLAT
@fardata?  . . . . . . . . . . .	Text   	 FLAT
@fardata . . . . . . . . . . . .	Text   	 FLAT
@stack . . . . . . . . . . . . .	Text   	 FLAT
sum  . . . . . . . . . . . . . .	DWord	 00000000 _DATA	

	   0 Warnings
	   0 Errors
